#
# A fatal error has been detected by the Java Runtime Environment:
#
#  SIGSEGV (0xb) at pc=0x00007f2a99498b07, pid=3067414, tid=3067415
#
# JRE version:  (11.0.13) (fastdebug build )
# Java VM: OpenJDK 64-Bit Server VM (fastdebug 11.0.13-internal+0-adhoc.tiendatngcs.jdk11u, interpreted mode, compressed oops, shenandoah gc, linux-amd64)
# Problematic frame:
# V  [libjvm.so+0x19b9b07]  ShenandoahHeap::oop_check_to_reset_access_counter(oop) [clone .part.0]+0x87
#
# Core dump will be written. Default location: Core dumps may be processed with "/usr/share/apport/apport %p %s %c %d %P %E" (or dumping to /home/grads/t/tiendat.ng.cs/github_repos/java_progs/core.3067414)
#
#

---------------  S U M M A R Y ------------

Command Line: -XX:+UnlockExperimentalVMOptions -XX:+UseShenandoahGC -XX:ShenandoahHotnessThreshold=1000 -Xlog:gc*,gc+ref*,gc+ergo*,gc+heap*,gc+stats*,gc+compaction*,gc+age*:file=gc.log -Xint -Xms2m -Xmx16m --add-modules=ALL-DEFAULT jdk.compiler/com.sun.tools.javac.launcher.Main gc_test.java

Host: csce-nguyen-s1.engr.tamu.edu, Intel(R) Xeon(R) Silver 4214R CPU @ 2.40GHz, 48 cores, 187G, Ubuntu 20.04.3 LTS
Time: Tue Nov 30 17:30:29 2021 CST elapsed time: 0.112935 seconds (0d 0h 0m 0s)

---------------  T H R E A D  ---------------

Current thread (0x00007f2a90062000):  JavaThread "main" [_thread_in_vm, id=3067415, stack(0x00007f2a9788f000,0x00007f2a97990000)]

Stack: [0x00007f2a9788f000,0x00007f2a97990000],  sp=0x00007f2a9798e1d0,  free space=1020k
Native frames: (J=compiled Java code, A=aot compiled Java code, j=interpreted, Vv=VM code, C=native code)
V  [libjvm.so+0x19b9b07]  ShenandoahHeap::oop_check_to_reset_access_counter(oop) [clone .part.0]+0x87
V  [libjvm.so+0x11f3231]  ShenandoahBarrierSet::oop_increase_access_counter(oop) [clone .part.0]+0x51
V  [libjvm.so+0x11fac00]  AccessInternal::PostRuntimeDispatch<ShenandoahBarrierSet::AccessBarrier<5292148ul, ShenandoahBarrierSet>, (AccessInternal::BarrierType)0, 5292148ul>::oop_access_barrier(void*, oop)+0x190
V  [libjvm.so+0x11f701a]  JNIHandleBlock::allocate_handle(oop)+0xfa
V  [libjvm.so+0x11f7d03]  JNIHandles::make_local(JNIEnv_*, oop)+0xa3
V  [libjvm.so+0x1162937]  jni_NewStringUTF+0x157
C  [libjava.so+0x157fd]  Java_java_lang_System_initProperties+0xcfd
j  java.lang.System.initProperties(Ljava/util/Properties;)Ljava/util/Properties;+0 java.base
j  java.lang.System.initPhase1()V+15 java.base
v  ~StubRoutines::call_stub
V  [libjvm.so+0x106f4db]  JavaCalls::call_helper(JavaValue*, methodHandle const&, JavaCallArguments*, Thread*)+0x6cb
V  [libjvm.so+0x106d856]  JavaCalls::call_static(JavaValue*, Klass*, Symbol*, Symbol*, JavaCallArguments*, Thread*)+0x196
V  [libjvm.so+0x106d9a1]  JavaCalls::call_static(JavaValue*, Klass*, Symbol*, Symbol*, Thread*)+0x71
V  [libjvm.so+0x1b993cb]  Threads::initialize_java_lang_classes(JavaThread*, Thread*)+0x19cb
V  [libjvm.so+0x1b9ac15]  Threads::create_vm(JavaVMInitArgs*, bool*)+0x475
V  [libjvm.so+0x11aac2d]  JNI_CreateJavaVM+0x6d
C  [libjli.so+0x4fd1]  JavaMain+0x91
C  [libjli.so+0x999d]  ThreadJavaMain+0xd

Java frames: (J=compiled Java code, j=interpreted, Vv=VM code)
j  java.lang.System.initProperties(Ljava/util/Properties;)Ljava/util/Properties;+0 java.base
j  java.lang.System.initPhase1()V+15 java.base
v  ~StubRoutines::call_stub

siginfo: si_signo: 11 (SIGSEGV), si_code: 1 (SEGV_MAPERR), si_addr: 0x0000000000000009

Register to memory mapping:

RAX=0x0000000000000009 is an unknown value
RBX=0x00007f2a99e20654: <offset 0x0000000002341654> in /home/grads/t/tiendat.ng.cs/github_repos/jdk11u/build/linux-x86_64-normal-server-fastdebug/jdk/lib/server/libjvm.so at 0x00007f2a97adf000
RCX=0x00007f2a99fd421f: __write+0x000000000000004f in /lib/x86_64-linux-gnu/libc.so.6 at 0x00007f2a99ec3000
RDX=0x0000000000000001 is an unknown value
RSP=0x00007f2a9798e1d0 is pointing into the stack for thread: 0x00007f2a90062000
RBP=0x00007f2a9798e280 is pointing into the stack for thread: 0x00007f2a90062000
RSI=0x00007f2a9798e2f0 is pointing into the stack for thread: 0x00007f2a90062000
RDI=0x00007f2a9798e2f0 is pointing into the stack for thread: 0x00007f2a90062000
R8 =0x000000000000002a is an unknown value
R9 =0x0000000000000001 is an unknown value
R10=0x0000000100000840 is a pointer to class: 
{type array byte}[B {0x0000000100000840}
R11=0x0 is NULL
R12=0x00007f2a9798e2f0 is pointing into the stack for thread: 0x00007f2a90062000
R13=0x00007f2a99d4de78: <offset 0x000000000226ee78> in /home/grads/t/tiendat.ng.cs/github_repos/jdk11u/build/linux-x86_64-normal-server-fastdebug/jdk/lib/server/libjvm.so at 0x00007f2a97adf000
R14=0x00007f2a90074d00 points into unknown readable memory: 0x00007f2a99d82ba0 | a0 2b d8 99 2a 7f 00 00
R15=0x00000000ff00c690 is an oop: java.lang.String 
{0x00000000ff00c690} - klass: 'java/lang/String'
 - string: "java.awt.printerjob"


Registers:
RAX=0x0000000000000009, RBX=0x00007f2a99e20654, RCX=0x00007f2a99fd421f, RDX=0x0000000000000001
RSP=0x00007f2a9798e1d0, RBP=0x00007f2a9798e280, RSI=0x00007f2a9798e2f0, RDI=0x00007f2a9798e2f0
R8 =0x000000000000002a, R9 =0x0000000000000001, R10=0x0000000100000840, R11=0x0000000000000000
R12=0x00007f2a9798e2f0, R13=0x00007f2a99d4de78, R14=0x00007f2a90074d00, R15=0x00000000ff00c690
RIP=0x00007f2a99498b07, EFLAGS=0x0000000000010206, CSGSFS=0x002b000000000033, ERR=0x0000000000000004
  TRAPNO=0x000000000000000e

Top of Stack: (sp=0x00007f2a9798e1d0)
0x00007f2a9798e1d0:   00000000ff00c6b8 00000000ff00c6b8
0x00007f2a9798e1e0:   00007f2a99d4de78 00000000ff00c6b8
0x00007f2a9798e1f0:   0000000000000008 0000000000000008
0x00007f2a9798e200:   00000000ff00c6b8 0000000000000001 

Instructions: (pc=0x00007f2a99498b07)
0x00007f2a99498a07:   00 4c 89 ef e8 e0 c9 d7 ff eb de 66 0f 1f 44 00
0x00007f2a99498a17:   00 4c 89 ef e8 f0 c8 d7 ff eb be 66 0f 1f 44 00
0x00007f2a99498a27:   00 48 8d 05 e1 72 8f 00 4c 8d 2d a0 ab 3f 00 48
0x00007f2a99498a37:   8b 00 c6 00 58 e8 8f 88 2d ff 84 c0 75 2b 4c 89
0x00007f2a99498a47:   e9 48 8d 15 a1 ab 3f 00 be 9f 01 00 00 31 c0 48
0x00007f2a99498a57:   8d 3d 8b b3 3d 00 e8 0e 84 2d ff e8 29 a6 d8 ff
0x00007f2a99498a67:   e9 5d ff ff ff 0f 1f 40 00 4c 89 ef 31 c0 e8 66
0x00007f2a99498a77:   88 2d ff eb c9 0f 1f 40 00 55 48 89 e5 41 57 41
0x00007f2a99498a87:   56 41 55 41 54 49 89 fc 53 48 81 ec 88 00 00 00
0x00007f2a99498a97:   48 8d 1d b6 7b 98 00 48 8b 07 80 3b 00 48 89 45
0x00007f2a99498aa7:   88 0f 85 1a 02 00 00 48 8b 45 88 48 89 45 a8 48
0x00007f2a99498ab7:   8b 45 a8 4c 8d 2d b7 53 8b 00 4c 89 6d b0 48 89
0x00007f2a99498ac7:   45 b8 48 c7 45 c0 08 00 00 00 48 c7 85 78 ff ff
0x00007f2a99498ad7:   ff 08 00 00 00 48 8b 45 b8 48 89 45 90 48 8b 45
0x00007f2a99498ae7:   90 48 89 45 98 48 8b 45 98 48 89 45 a0 48 8b 45
0x00007f2a99498af7:   a0 48 89 45 a8 48 8b 45 a8 48 03 85 78 ff ff ff
0x00007f2a99498b07:   48 8b 00 48 89 85 78 ff ff ff 48 8b 05 d8 da 9a
0x00007f2a99498b17:   00 48 8b 8d 78 ff ff ff 48 39 88 48 03 00 00 76
0x00007f2a99498b27:   28 49 8b 3c 24 e8 8f 3b d2 ff 48 85 c0 0f 85 7e
0x00007f2a99498b37:   03 00 00 48 81 c4 88 00 00 00 5b 41 5c 41 5d 41
0x00007f2a99498b47:   5e 41 5f 5d c3 0f 1f 40 00 49 8b 04 24 80 3b 00
0x00007f2a99498b57:   48 89 45 88 0f 85 6f 04 00 00 48 8b 45 88 48 89
0x00007f2a99498b67:   45 a8 48 8b 45 a8 4c 89 6d b0 48 89 45 b8 48 c7
0x00007f2a99498b77:   45 c0 08 00 00 00 48 c7 85 78 ff ff ff 08 00 00
0x00007f2a99498b87:   00 48 8b 45 b8 48 89 45 90 48 8b 45 90 48 89 45
0x00007f2a99498b97:   98 48 8b 45 98 48 89 45 a0 48 8b 45 a0 48 89 45
0x00007f2a99498ba7:   a8 48 8b 45 a8 48 03 85 78 ff ff ff 48 8b 00 48
0x00007f2a99498bb7:   89 85 78 ff ff ff 48 8b 05 2c da 9a 00 48 8b b5
0x00007f2a99498bc7:   78 ff ff ff 48 39 b0 48 03 00 00 0f 83 88 02 00
0x00007f2a99498bd7:   00 49 8b 04 24 80 3b 00 48 89 45 90 0f 85 6f 03
0x00007f2a99498be7:   00 00 48 8b 45 90 48 89 45 98 48 8b 45 98 48 89
0x00007f2a99498bf7:   45 a0 48 8b 45 a0 48 89 45 a8 48 8b 45 a8 48 89 


Stack slot to memory mapping:
stack at sp + 0 slots: 0x00000000ff00c6b8 is an oop: [B 
{0x00000000ff00c6b8} - klass: {type array byte}
 - length: 19
 -   0: 6a j
 -   1: 61 a
 -   2: 76 v
 -   3: 61 a
 -   4: 2e .
 -   5: 61 a
 -   6: 77 w
 -   7: 74 t
 -   8: 2e .
 -   9: 70 p
 -  10: 72 r
 -  11: 69 i
 -  12: 6e n
 -  13: 74 t
 -  14: 65 e
 -  15: 72 r
 -  16: 6a j
 -  17: 6f o
 -  18: 62 b
stack at sp + 1 slots: 0x00000000ff00c6b8 is an oop: [B 
{0x00000000ff00c6b8} - klass: {type array byte}
 - length: 19
 -   0: 6a j
 -   1: 61 a
 -   2: 76 v
 -   3: 61 a
 -   4: 2e .
 -   5: 61 a
 -   6: 77 w
 -   7: 74 t
 -   8: 2e .
 -   9: 70 p
 -  10: 72 r
 -  11: 69 i
 -  12: 6e n
 -  13: 74 t
 -  14: 65 e
 -  15: 72 r
 -  16: 6a j
 -  17: 6f o
 -  18: 62 b
stack at sp + 2 slots: 0x00007f2a99d4de78: <offset 0x000000000226ee78> in /home/grads/t/tiendat.ng.cs/github_repos/jdk11u/build/linux-x86_64-normal-server-fastdebug/jdk/lib/server/libjvm.so at 0x00007f2a97adf000
stack at sp + 3 slots: 0x00000000ff00c6b8 is an oop: [B 
{0x00000000ff00c6b8} - klass: {type array byte}
 - length: 19
 -   0: 6a j
 -   1: 61 a
 -   2: 76 v
 -   3: 61 a
 -   4: 2e .
 -   5: 61 a
 -   6: 77 w
 -   7: 74 t
 -   8: 2e .
 -   9: 70 p
 -  10: 72 r
 -  11: 69 i
 -  12: 6e n
 -  13: 74 t
 -  14: 65 e
 -  15: 72 r
 -  16: 6a j
 -  17: 6f o
 -  18: 62 b
stack at sp + 4 slots: 0x0000000000000008 is an unknown value
stack at sp + 5 slots: 0x0000000000000008 is an unknown value
stack at sp + 6 slots: 0x00000000ff00c6b8 is an oop: [B 
{0x00000000ff00c6b8} - klass: {type array byte}
 - length: 19
 -   0: 6a j
 -   1: 61 a
 -   2: 76 v
 -   3: 61 a
 -   4: 2e .
 -   5: 61 a
 -   6: 77 w
 -   7: 74 t
 -   8: 2e .
 -   9: 70 p
 -  10: 72 r
 -  11: 69 i
 -  12: 6e n
 -  13: 74 t
 -  14: 65 e
 -  15: 72 r
 -  16: 6a j
 -  17: 6f o
 -  18: 62 b
stack at sp + 7 slots: 0x0000000000000001 is an unknown value


---------------  P R O C E S S  ---------------

uid  : 331007653 euid : 331007653 gid  : 331007653 egid : 331007653

umask: 0002 (-------w-)

Threads class SMR info:
_java_thread_list=0x00007f2a901ea6a0, length=3, elements={
0x00007f2a90062000, 0x00007f2a901e8000, 0x00007f2a901eb000
}
_java_thread_list_alloc_cnt=4, _java_thread_list_free_cnt=3, _java_thread_list_max=3, _nested_thread_list_max=0
_tlh_cnt=23, _tlh_times=0, avg_tlh_time=0.00, _tlh_time_max=0
_delete_lock_wait_cnt=0, _delete_lock_wait_max=0
_to_delete_list_cnt=0, _to_delete_list_max=1

Java Threads: ( => current thread )
=>0x00007f2a90062000 JavaThread "main" [_thread_in_vm, id=3067415, stack(0x00007f2a9788f000,0x00007f2a97990000)]
  0x00007f2a901e8000 JavaThread "Reference Handler" daemon [_thread_blocked, id=3067421, stack(0x00007f2a85fe7000,0x00007f2a860e8000)]
  0x00007f2a901eb000 JavaThread "Finalizer" daemon [_thread_blocked, id=3067422, stack(0x00007f2a85ee6000,0x00007f2a85fe7000)]

Other Threads:
  0x00007f2a901d2000 VMThread "VM Thread" [stack: 0x00007f2a860ea000,0x00007f2a861ea000] [id=3067420]
  0x00007f2a90076800 GCTaskThread "Shenandoah GC Threads#0" [stack: 0x00007f2a9461b000,0x00007f2a9471b000] [id=3067416]
  0x00007f2a90078800 Thread "Safepoint Cleanup Thread#0" [stack: 0x00007f2a94519000,0x00007f2a94619000] [id=3067417]

Threads with active compile tasks:

VM state:not at safepoint (normal execution)

VM Mutex/Monitor currently owned by a thread: None

Heap address: 0x00000000ff000000, size: 16 MB, Compressed Oops mode: 32-bit
Narrow klass base: 0x0000000000000000, Narrow klass shift: 3
Compressed class space size: 1073741824 Address: 0x0000000100000000

Heap:
Shenandoah Heap
 16384K max, 16384K soft max, 2048K committed, 256K used
 64 x 256K regions
Status: not cancelled
Reserved region:
 - [0x00000000ff000000, 0x0000000100000000) 
Collection set:
 - map (vanilla): 0x0000000000013fc0
 - map (biased):  0x0000000000010000

 Metaspace       used 1561K, capacity 4480K, committed 4480K, reserved 1056768K
  class space    used 118K, capacity 384K, committed 384K, reserved 1048576K
Heap Regions:
EU=empty-uncommitted, EC=empty-committed, R=regular, H=humongous start, HC=humongous continuation, CS=collection set, T=trash, P=pinned
BTE=bottom/top/end, U=used, T=TLAB allocs, G=GCLAB allocs, S=shared allocs, L=live data
R=root, CP=critical pins, TAMS=top-at-mark-start, UWM=update watermark
SN=alloc sequence number
|    0|R  |BTE     ff000000,     ff040000,     ff040000|TAMS     ff000000|UWM     ff000000|U   256K|T   256K|G     0B|S     0B|L     0B|CP   0
|    1|EC |BTE     ff040000,     ff040000,     ff080000|TAMS     ff040000|UWM     ff040000|U     0B|T     0B|G     0B|S     0B|L     0B|CP   0
|    2|EC |BTE     ff080000,     ff080000,     ff0c0000|TAMS     ff080000|UWM     ff080000|U     0B|T     0B|G     0B|S     0B|L     0B|CP   0
|    3|EC |BTE     ff0c0000,     ff0c0000,     ff100000|TAMS     ff0c0000|UWM     ff0c0000|U     0B|T     0B|G     0B|S     0B|L     0B|CP   0
|    4|EC |BTE     ff100000,     ff100000,     ff140000|TAMS     ff100000|UWM     ff100000|U     0B|T     0B|G     0B|S     0B|L     0B|CP   0
|    5|EC |BTE     ff140000,     ff140000,     ff180000|TAMS     ff140000|UWM     ff140000|U     0B|T     0B|G     0B|S     0B|L     0B|CP   0
|    6|EC |BTE     ff180000,     ff180000,     ff1c0000|TAMS     ff180000|UWM     ff180000|U     0B|T     0B|G     0B|S     0B|L     0B|CP   0
|    7|EC |BTE     ff1c0000,     ff1c0000,     ff200000|TAMS     ff1c0000|UWM     ff1c0000|U     0B|T     0B|G     0B|S     0B|L     0B|CP   0
|    8|EU |BTE     ff200000,     ff200000,     ff240000|TAMS     ff200000|UWM     ff200000|U     0B|T     0B|G     0B|S     0B|L     0B|CP   0
|    9|EU |BTE     ff240000,     ff240000,     ff280000|TAMS     ff240000|UWM     ff240000|U     0B|T     0B|G     0B|S     0B|L     0B|CP   0
|   10|EU |BTE     ff280000,     ff280000,     ff2c0000|TAMS     ff280000|UWM     ff280000|U     0B|T     0B|G     0B|S     0B|L     0B|CP   0
|   11|EU |BTE     ff2c0000,     ff2c0000,     ff300000|TAMS     ff2c0000|UWM     ff2c0000|U     0B|T     0B|G     0B|S     0B|L     0B|CP   0
|   12|EU |BTE     ff300000,     ff300000,     ff340000|TAMS     ff300000|UWM     ff300000|U     0B|T     0B|G     0B|S     0B|L     0B|CP   0
|   13|EU |BTE     ff340000,     ff340000,     ff380000|TAMS     ff340000|UWM     ff340000|U     0B|T     0B|G     0B|S     0B|L     0B|CP   0
|   14|EU |BTE     ff380000,     ff380000,     ff3c0000|TAMS     ff380000|UWM     ff380000|U     0B|T     0B|G     0B|S     0B|L     0B|CP   0
|   15|EU |BTE     ff3c0000,     ff3c0000,     ff400000|TAMS     ff3c0000|UWM     ff3c0000|U     0B|T     0B|G     0B|S     0B|L     0B|CP   0
|   16|EU |BTE     ff400000,     ff400000,     ff440000|TAMS     ff400000|UWM     ff400000|U     0B|T     0B|G     0B|S     0B|L     0B|CP   0
|   17|EU |BTE     ff440000,     ff440000,     ff480000|TAMS     ff440000|UWM     ff440000|U     0B|T     0B|G     0B|S     0B|L     0B|CP   0
|   18|EU |BTE     ff480000,     ff480000,     ff4c0000|TAMS     ff480000|UWM     ff480000|U     0B|T     0B|G     0B|S     0B|L     0B|CP   0
|   19|EU |BTE     ff4c0000,     ff4c0000,     ff500000|TAMS     ff4c0000|UWM     ff4c0000|U     0B|T     0B|G     0B|S     0B|L     0B|CP   0
|   20|EU |BTE     ff500000,     ff500000,     ff540000|TAMS     ff500000|UWM     ff500000|U     0B|T     0B|G     0B|S     0B|L     0B|CP   0
|   21|EU |BTE     ff540000,     ff540000,     ff580000|TAMS     ff540000|UWM     ff540000|U     0B|T     0B|G     0B|S     0B|L     0B|CP   0
|   22|EU |BTE     ff580000,     ff580000,     ff5c0000|TAMS     ff580000|UWM     ff580000|U     0B|T     0B|G     0B|S     0B|L     0B|CP   0
|   23|EU |BTE     ff5c0000,     ff5c0000,     ff600000|TAMS     ff5c0000|UWM     ff5c0000|U     0B|T     0B|G     0B|S     0B|L     0B|CP   0
|   24|EU |BTE     ff600000,     ff600000,     ff640000|TAMS     ff600000|UWM     ff600000|U     0B|T     0B|G     0B|S     0B|L     0B|CP   0
|   25|EU |BTE     ff640000,     ff640000,     ff680000|TAMS     ff640000|UWM     ff640000|U     0B|T     0B|G     0B|S     0B|L     0B|CP   0
|   26|EU |BTE     ff680000,     ff680000,     ff6c0000|TAMS     ff680000|UWM     ff680000|U     0B|T     0B|G     0B|S     0B|L     0B|CP   0
|   27|EU |BTE     ff6c0000,     ff6c0000,     ff700000|TAMS     ff6c0000|UWM     ff6c0000|U     0B|T     0B|G     0B|S     0B|L     0B|CP   0
|   28|EU |BTE     ff700000,     ff700000,     ff740000|TAMS     ff700000|UWM     ff700000|U     0B|T     0B|G     0B|S     0B|L     0B|CP   0
|   29|EU |BTE     ff740000,     ff740000,     ff780000|TAMS     ff740000|UWM     ff740000|U     0B|T     0B|G     0B|S     0B|L     0B|CP   0
|   30|EU |BTE     ff780000,     ff780000,     ff7c0000|TAMS     ff780000|UWM     ff780000|U     0B|T     0B|G     0B|S     0B|L     0B|CP   0
|   31|EU |BTE     ff7c0000,     ff7c0000,     ff800000|TAMS     ff7c0000|UWM     ff7c0000|U     0B|T     0B|G     0B|S     0B|L     0B|CP   0
|   32|EU |BTE     ff800000,     ff800000,     ff840000|TAMS     ff800000|UWM     ff800000|U     0B|T     0B|G     0B|S     0B|L     0B|CP   0
|   33|EU |BTE     ff840000,     ff840000,     ff880000|TAMS     ff840000|UWM     ff840000|U     0B|T     0B|G     0B|S     0B|L     0B|CP   0
|   34|EU |BTE     ff880000,     ff880000,     ff8c0000|TAMS     ff880000|UWM     ff880000|U     0B|T     0B|G     0B|S     0B|L     0B|CP   0
|   35|EU |BTE     ff8c0000,     ff8c0000,     ff900000|TAMS     ff8c0000|UWM     ff8c0000|U     0B|T     0B|G     0B|S     0B|L     0B|CP   0
|   36|EU |BTE     ff900000,     ff900000,     ff940000|TAMS     ff900000|UWM     ff900000|U     0B|T     0B|G     0B|S     0B|L     0B|CP   0
|   37|EU |BTE     ff940000,     ff940000,     ff980000|TAMS     ff940000|UWM     ff940000|U     0B|T     0B|G     0B|S     0B|L     0B|CP   0
|   38|EU |BTE     ff980000,     ff980000,     ff9c0000|TAMS     ff980000|UWM     ff980000|U     0B|T     0B|G     0B|S     0B|L     0B|CP   0
|   39|EU |BTE     ff9c0000,     ff9c0000,     ffa00000|TAMS     ff9c0000|UWM     ff9c0000|U     0B|T     0B|G     0B|S     0B|L     0B|CP   0
|   40|EU |BTE     ffa00000,     ffa00000,     ffa40000|TAMS     ffa00000|UWM     ffa00000|U     0B|T     0B|G     0B|S     0B|L     0B|CP   0
|   41|EU |BTE     ffa40000,     ffa40000,     ffa80000|TAMS     ffa40000|UWM     ffa40000|U     0B|T     0B|G     0B|S     0B|L     0B|CP   0
|   42|EU |BTE     ffa80000,     ffa80000,     ffac0000|TAMS     ffa80000|UWM     ffa80000|U     0B|T     0B|G     0B|S     0B|L     0B|CP   0
|   43|EU |BTE     ffac0000,     ffac0000,     ffb00000|TAMS     ffac0000|UWM     ffac0000|U     0B|T     0B|G     0B|S     0B|L     0B|CP   0
|   44|EU |BTE     ffb00000,     ffb00000,     ffb40000|TAMS     ffb00000|UWM     ffb00000|U     0B|T     0B|G     0B|S     0B|L     0B|CP   0
|   45|EU |BTE     ffb40000,     ffb40000,     ffb80000|TAMS     ffb40000|UWM     ffb40000|U     0B|T     0B|G     0B|S     0B|L     0B|CP   0
|   46|EU |BTE     ffb80000,     ffb80000,     ffbc0000|TAMS     ffb80000|UWM     ffb80000|U     0B|T     0B|G     0B|S     0B|L     0B|CP   0
|   47|EU |BTE     ffbc0000,     ffbc0000,     ffc00000|TAMS     ffbc0000|UWM     ffbc0000|U     0B|T     0B|G     0B|S     0B|L     0B|CP   0
|   48|EU |BTE     ffc00000,     ffc00000,     ffc40000|TAMS     ffc00000|UWM     ffc00000|U     0B|T     0B|G     0B|S     0B|L     0B|CP   0
|   49|EU |BTE     ffc40000,     ffc40000,     ffc80000|TAMS     ffc40000|UWM     ffc40000|U     0B|T     0B|G     0B|S     0B|L     0B|CP   0
|   50|EU |BTE     ffc80000,     ffc80000,     ffcc0000|TAMS     ffc80000|UWM     ffc80000|U     0B|T     0B|G     0B|S     0B|L     0B|CP   0
|   51|EU |BTE     ffcc0000,     ffcc0000,     ffd00000|TAMS     ffcc0000|UWM     ffcc0000|U     0B|T     0B|G     0B|S     0B|L     0B|CP   0
|   52|EU |BTE     ffd00000,     ffd00000,     ffd40000|TAMS     ffd00000|UWM     ffd00000|U     0B|T     0B|G     0B|S     0B|L     0B|CP   0
|   53|EU |BTE     ffd40000,     ffd40000,     ffd80000|TAMS     ffd40000|UWM     ffd40000|U     0B|T     0B|G     0B|S     0B|L     0B|CP   0
|   54|EU |BTE     ffd80000,     ffd80000,     ffdc0000|TAMS     ffd80000|UWM     ffd80000|U     0B|T     0B|G     0B|S     0B|L     0B|CP   0
|   55|EU |BTE     ffdc0000,     ffdc0000,     ffe00000|TAMS     ffdc0000|UWM     ffdc0000|U     0B|T     0B|G     0B|S     0B|L     0B|CP   0
|   56|EU |BTE     ffe00000,     ffe00000,     ffe40000|TAMS     ffe00000|UWM     ffe00000|U     0B|T     0B|G     0B|S     0B|L     0B|CP   0
|   57|EU |BTE     ffe40000,     ffe40000,     ffe80000|TAMS     ffe40000|UWM     ffe40000|U     0B|T     0B|G     0B|S     0B|L     0B|CP   0
|   58|EU |BTE     ffe80000,     ffe80000,     ffec0000|TAMS     ffe80000|UWM     ffe80000|U     0B|T     0B|G     0B|S     0B|L     0B|CP   0
|   59|EU |BTE     ffec0000,     ffec0000,     fff00000|TAMS     ffec0000|UWM     ffec0000|U     0B|T     0B|G     0B|S     0B|L     0B|CP   0
|   60|EU |BTE     fff00000,     fff00000,     fff40000|TAMS     fff00000|UWM     fff00000|U     0B|T     0B|G     0B|S     0B|L     0B|CP   0
|   61|EU |BTE     fff40000,     fff40000,     fff80000|TAMS     fff40000|UWM     fff40000|U     0B|T     0B|G     0B|S     0B|L     0B|CP   0
|   62|EU |BTE     fff80000,     fff80000,     fffc0000|TAMS     fff80000|UWM     fff80000|U     0B|T     0B|G     0B|S     0B|L     0B|CP   0
|   63|EU |BTE     fffc0000,     fffc0000,    100000000|TAMS     fffc0000|UWM     fffc0000|U     0B|T     0B|G     0B|S     0B|L     0B|CP   0

ShenandoahBarrierSet
Polling page: 0x00007f2a9a10c000

Metaspace:

Usage:
  Non-class:      4.00 MB capacity,     1.41 MB ( 35%) used,     2.59 MB ( 65%) free+waste,    64 bytes ( <1%) overhead. 
      Class:    384.00 KB capacity,   118.23 KB ( 31%) used,   265.70 KB ( 69%) free+waste,    64 bytes ( <1%) overhead. 
       Both:      4.38 MB capacity,     1.53 MB ( 35%) used,     2.85 MB ( 65%) free+waste,   128 bytes ( <1%) overhead. 

Virtual space:
  Non-class space:        8.00 MB reserved,       4.00 MB ( 50%) committed 
      Class space:        1.00 GB reserved,     384.00 KB ( <1%) committed 
             Both:        1.01 GB reserved,       4.38 MB ( <1%) committed 

Chunk freelists:
   Non-Class:  0 bytes
       Class:  0 bytes
        Both:  0 bytes

MaxMetaspaceSize: unlimited
CompressedClassSpaceSize: 1.00 GB
Initial GC threshold: 20.80 MB
Current GC threshold: 17179869184.00 GB
CDS: off

CodeCache: size=49152Kb used=955Kb max_used=1110Kb free=48196Kb
 bounds [0x00007f2a947bc000, 0x00007f2a94a2c000, 0x00007f2a977bc000]
 total_blobs=671 nmethods=0 adapters=644
 compilation: disabled (interpreter mode)
              stopped_count=0, restarted_count=0
 full_count=0

Compilation events (0 events):
No events

GC Heap History (0 events):
No events

Deoptimization events (0 events):
No events

Classes redefined (0 events):
No events

Internal exceptions (0 events):
No events

Events (250 events):
Event: 0.056 loading class java/lang/Runnable done
Event: 0.056 loading class java/lang/Thread done
Event: 0.056 loading class java/lang/ThreadGroup
Event: 0.056 loading class java/lang/Thread$UncaughtExceptionHandler
Event: 0.056 loading class java/lang/Thread$UncaughtExceptionHandler done
Event: 0.056 loading class java/lang/ThreadGroup done
Event: 0.056 loading class java/util/Properties
Event: 0.056 loading class java/util/Hashtable
Event: 0.057 loading class java/util/Map
Event: 0.057 loading class java/util/Map done
Event: 0.057 loading class java/util/Dictionary
Event: 0.057 loading class java/util/Dictionary done
Event: 0.057 loading class java/util/Hashtable done
Event: 0.057 loading class java/util/Properties done
Event: 0.057 loading class java/lang/Module
Event: 0.057 loading class java/lang/Module done
Event: 0.057 loading class java/lang/reflect/AccessibleObject
Event: 0.057 loading class java/lang/reflect/AccessibleObject done
Event: 0.057 loading class java/lang/reflect/Field
Event: 0.058 loading class java/lang/reflect/Member
Event: 0.058 loading class java/lang/reflect/Member done
Event: 0.058 loading class java/lang/reflect/Field done
Event: 0.058 loading class java/lang/reflect/Parameter
Event: 0.058 loading class java/lang/reflect/Parameter done
Event: 0.058 loading class java/lang/reflect/Method
Event: 0.058 loading class java/lang/reflect/Executable
Event: 0.058 loading class java/lang/reflect/Executable done
Event: 0.058 loading class java/lang/reflect/Method done
Event: 0.058 loading class java/lang/reflect/Constructor
Event: 0.058 loading class java/lang/reflect/Constructor done
Event: 0.058 loading class jdk/internal/reflect/MagicAccessorImpl
Event: 0.058 loading class jdk/internal/reflect/MagicAccessorImpl done
Event: 0.058 loading class jdk/internal/reflect/MethodAccessorImpl
Event: 0.059 loading class jdk/internal/reflect/MethodAccessor
Event: 0.059 loading class jdk/internal/reflect/MethodAccessor done
Event: 0.059 loading class jdk/internal/reflect/MethodAccessorImpl done
Event: 0.059 loading class jdk/internal/reflect/ConstructorAccessorImpl
Event: 0.059 loading class jdk/internal/reflect/ConstructorAccessor
Event: 0.059 loading class jdk/internal/reflect/ConstructorAccessor done
Event: 0.059 loading class jdk/internal/reflect/ConstructorAccessorImpl done
Event: 0.059 loading class jdk/internal/reflect/DelegatingClassLoader
Event: 0.059 loading class jdk/internal/reflect/DelegatingClassLoader done
Event: 0.059 loading class jdk/internal/reflect/ConstantPool
Event: 0.059 loading class jdk/internal/reflect/ConstantPool done
Event: 0.059 loading class jdk/internal/reflect/UnsafeStaticFieldAccessorImpl
Event: 0.059 loading class jdk/internal/reflect/UnsafeFieldAccessorImpl
Event: 0.059 loading class jdk/internal/reflect/FieldAccessorImpl
Event: 0.059 loading class jdk/internal/reflect/FieldAccessor
Event: 0.059 loading class jdk/internal/reflect/FieldAccessor done
Event: 0.059 loading class jdk/internal/reflect/FieldAccessorImpl done
Event: 0.059 loading class jdk/internal/reflect/UnsafeFieldAccessorImpl done
Event: 0.059 loading class jdk/internal/reflect/UnsafeStaticFieldAccessorImpl done
Event: 0.059 loading class jdk/internal/reflect/CallerSensitive
Event: 0.059 loading class java/lang/annotation/Annotation
Event: 0.059 loading class java/lang/annotation/Annotation done
Event: 0.059 loading class jdk/internal/reflect/CallerSensitive done
Event: 0.059 loading class java/lang/invoke/DirectMethodHandle
Event: 0.060 loading class java/lang/invoke/MethodHandle
Event: 0.060 loading class java/lang/invoke/MethodHandle done
Event: 0.060 loading class java/lang/invoke/DirectMethodHandle done
Event: 0.060 loading class java/lang/invoke/VarHandle
Event: 0.060 loading class java/lang/invoke/VarHandle done
Event: 0.060 loading class java/lang/invoke/MemberName
Event: 0.060 loading class java/lang/invoke/MemberName done
Event: 0.060 loading class java/lang/invoke/ResolvedMethodName
Event: 0.060 loading class java/lang/invoke/ResolvedMethodName done
Event: 0.060 loading class java/lang/invoke/MethodHandleNatives
Event: 0.061 loading class java/lang/invoke/MethodHandleNatives done
Event: 0.061 loading class java/lang/invoke/LambdaForm
Event: 0.061 loading class java/lang/invoke/LambdaForm done
Event: 0.061 loading class java/lang/invoke/MethodType
Event: 0.061 loading class java/lang/invoke/MethodType done
Event: 0.061 loading class java/lang/BootstrapMethodError
Event: 0.061 loading class java/lang/BootstrapMethodError done
Event: 0.061 loading class java/lang/invoke/CallSite
Event: 0.061 loading class java/lang/invoke/CallSite done
Event: 0.061 loading class java/lang/invoke/MethodHandleNatives$CallSiteContext
Event: 0.061 loading class java/lang/invoke/MethodHandleNatives$CallSiteContext done
Event: 0.061 loading class java/lang/invoke/ConstantCallSite
Event: 0.061 loading class java/lang/invoke/ConstantCallSite done
Event: 0.062 loading class java/lang/invoke/MutableCallSite
Event: 0.062 loading class java/lang/invoke/MutableCallSite done
Event: 0.062 loading class java/lang/invoke/VolatileCallSite
Event: 0.062 loading class java/lang/invoke/VolatileCallSite done
Event: 0.062 loading class java/lang/AssertionStatusDirectives
Event: 0.062 loading class java/lang/AssertionStatusDirectives done
Event: 0.062 loading class java/lang/StringBuffer
Event: 0.062 loading class java/lang/AbstractStringBuilder
Event: 0.062 loading class java/lang/Appendable
Event: 0.062 loading class java/lang/Appendable done
Event: 0.062 loading class java/lang/AbstractStringBuilder done
Event: 0.062 loading class java/lang/StringBuffer done
Event: 0.062 loading class java/lang/StringBuilder
Event: 0.063 loading class java/lang/StringBuilder done
Event: 0.063 loading class jdk/internal/misc/Unsafe
Event: 0.063 loading class jdk/internal/misc/Unsafe done
Event: 0.063 loading class jdk/internal/module/Modules
Event: 0.064 loading class jdk/internal/module/Modules done
Event: 0.064 loading class java/io/ByteArrayInputStream
Event: 0.064 loading class java/io/InputStream
Event: 0.064 loading class java/io/Closeable
Event: 0.064 loading class java/lang/AutoCloseable
Event: 0.064 loading class java/lang/AutoCloseable done
Event: 0.064 loading class java/io/Closeable done
Event: 0.064 loading class java/io/InputStream done
Event: 0.064 loading class java/io/ByteArrayInputStream done
Event: 0.064 loading class java/net/URL
Event: 0.064 loading class java/net/URL done
Event: 0.064 loading class java/util/jar/Manifest
Event: 0.064 loading class java/util/jar/Manifest done
Event: 0.064 loading class jdk/internal/loader/ClassLoaders
Event: 0.064 loading class jdk/internal/loader/ClassLoaders done
Event: 0.064 loading class jdk/internal/loader/ClassLoaders$AppClassLoader
Event: 0.064 loading class jdk/internal/loader/BuiltinClassLoader
Event: 0.065 loading class jdk/internal/loader/BuiltinClassLoader done
Event: 0.065 loading class jdk/internal/loader/ClassLoaders$AppClassLoader done
Event: 0.065 loading class jdk/internal/loader/ClassLoaders$PlatformClassLoader
Event: 0.065 loading class jdk/internal/loader/ClassLoaders$PlatformClassLoader done
Event: 0.065 loading class java/security/CodeSource
Event: 0.065 loading class java/security/CodeSource done
Event: 0.065 loading class java/lang/StackTraceElement
Event: 0.065 loading class java/lang/StackTraceElement done
Event: 0.065 loading class java/nio/Buffer
Event: 0.065 loading class java/nio/Buffer done
Event: 0.065 loading class java/lang/StackWalker
Event: 0.065 loading class java/lang/StackWalker done
Event: 0.065 loading class java/lang/StackStreamFactory$AbstractStackWalker
Event: 0.065 loading class java/lang/StackStreamFactory$AbstractStackWalker done
Event: 0.065 loading class java/lang/StackFrameInfo
Event: 0.065 loading class java/lang/StackWalker$StackFrame
Event: 0.066 loading class java/lang/StackWalker$StackFrame done
Event: 0.066 loading class java/lang/StackFrameInfo done
Event: 0.066 loading class java/lang/LiveStackFrameInfo
Event: 0.066 loading class java/lang/LiveStackFrame
Event: 0.066 loading class java/lang/LiveStackFrame done
Event: 0.066 loading class java/lang/LiveStackFrameInfo done
Event: 0.066 loading class java/util/concurrent/locks/AbstractOwnableSynchronizer
Event: 0.066 loading class java/util/concurrent/locks/AbstractOwnableSynchronizer done
Event: 0.066 loading class java/lang/Boolean
Event: 0.066 loading class java/lang/Boolean done
Event: 0.066 loading class java/lang/Character
Event: 0.066 loading class java/lang/Character done
Event: 0.066 loading class java/lang/Float
Event: 0.066 loading class java/lang/Number
Event: 0.066 loading class java/lang/Number done
Event: 0.066 loading class java/lang/Float done
Event: 0.066 loading class java/lang/Double
Event: 0.067 loading class java/lang/Double done
Event: 0.067 loading class java/lang/Byte
Event: 0.067 loading class java/lang/Byte done
Event: 0.067 loading class java/lang/Short
Event: 0.067 loading class java/lang/Short done
Event: 0.067 loading class java/lang/Integer
Event: 0.067 loading class java/lang/Integer done
Event: 0.067 loading class java/lang/Long
Event: 0.067 loading class java/lang/Long done
Event: 0.067 loading class java/util/Iterator
Event: 0.067 loading class java/util/Iterator done
Event: 0.072 loading class java/lang/NullPointerException
Event: 0.072 loading class java/lang/NullPointerException done
Event: 0.072 loading class java/lang/ArithmeticException
Event: 0.072 loading class java/lang/ArithmeticException done
Event: 0.094 Thread 0x00007f2a90062000 Thread added: 0x00007f2a90062000
Event: 0.095 loading class java/io/ObjectStreamField
Event: 0.095 loading class java/io/ObjectStreamField done
Event: 0.095 loading class java/lang/String$CaseInsensitiveComparator
Event: 0.095 loading class java/util/Comparator
Event: 0.096 loading class java/util/Comparator done
Event: 0.096 loading class java/lang/String$CaseInsensitiveComparator done
Event: 0.097 loading class java/security/AccessController
Event: 0.097 loading class java/security/AccessController done
Event: 0.097 loading class java/util/Set
Event: 0.097 loading class java/util/Collection
Event: 0.098 loading class java/lang/Iterable
Event: 0.098 loading class java/lang/Iterable done
Event: 0.098 loading class java/util/Collection done
Event: 0.098 loading class java/util/Set done
Event: 0.098 loading class java/util/ImmutableCollections$Set12
Event: 0.098 loading class java/util/ImmutableCollections$AbstractImmutableSet
Event: 0.098 loading class java/util/ImmutableCollections$AbstractImmutableCollection
Event: 0.098 loading class java/util/AbstractCollection
Event: 0.098 loading class java/util/AbstractCollection done
Event: 0.098 loading class java/util/ImmutableCollections$AbstractImmutableCollection done
Event: 0.098 loading class java/util/ImmutableCollections$AbstractImmutableSet done
Event: 0.098 loading class java/util/ImmutableCollections$Set12 done
Event: 0.099 loading class java/util/Objects
Event: 0.099 loading class java/util/Objects done
Event: 0.099 loading class jdk/internal/reflect/ReflectionFactory$GetReflectionFactoryAction
Event: 0.099 loading class java/security/PrivilegedAction
Event: 0.099 loading class java/security/PrivilegedAction done
Event: 0.099 loading class jdk/internal/reflect/ReflectionFactory$GetReflectionFactoryAction done
Event: 0.099 loading class java/security/cert/Certificate
Event: 0.099 loading class java/security/cert/Certificate done
Event: 0.099 loading class java/util/HashSet
Event: 0.099 loading class java/util/AbstractSet
Event: 0.100 loading class java/util/AbstractSet done
Event: 0.100 loading class java/util/HashSet done
Event: 0.100 loading class java/util/HashMap
Event: 0.100 loading class java/util/AbstractMap
Event: 0.100 loading class java/util/AbstractMap done
Event: 0.100 loading class java/util/HashMap done
Event: 0.101 loading class java/util/concurrent/ConcurrentHashMap
Event: 0.101 loading class java/util/concurrent/ConcurrentMap
Event: 0.101 loading class java/util/concurrent/ConcurrentMap done
Event: 0.101 loading class java/util/concurrent/ConcurrentHashMap done
Event: 0.102 loading class java/lang/Runtime
Event: 0.102 loading class java/lang/Runtime done
Event: 0.102 loading class java/util/concurrent/ConcurrentHashMap$Segment
Event: 0.102 loading class java/util/concurrent/locks/ReentrantLock
Event: 0.102 loading class java/util/concurrent/locks/Lock
Event: 0.102 loading class java/util/concurrent/locks/Lock done
Event: 0.102 loading class java/util/concurrent/locks/ReentrantLock done
Event: 0.102 loading class java/util/concurrent/ConcurrentHashMap$Segment done
Event: 0.103 loading class java/util/concurrent/ConcurrentHashMap$CounterCell
Event: 0.104 loading class java/util/concurrent/ConcurrentHashMap$CounterCell done
Event: 0.104 loading class java/util/concurrent/ConcurrentHashMap$Node
Event: 0.104 loading class java/util/Map$Entry
Event: 0.104 loading class java/util/Map$Entry done
Event: 0.104 loading class java/util/concurrent/ConcurrentHashMap$Node done
Event: 0.104 loading class java/util/concurrent/locks/LockSupport
Event: 0.104 loading class java/util/concurrent/locks/LockSupport done
Event: 0.104 loading class java/util/concurrent/ConcurrentHashMap$ReservationNode
Event: 0.104 loading class java/util/concurrent/ConcurrentHashMap$ReservationNode done
Event: 0.104 loading class jdk/internal/reflect/ReflectionFactory
Event: 0.104 loading class jdk/internal/reflect/ReflectionFactory done
Event: 0.105 loading class java/lang/ref/Reference$ReferenceHandler
Event: 0.105 loading class java/lang/ref/Reference$ReferenceHandler done
Event: 0.105 loading class jdk/internal/ref/Cleaner
Event: 0.105 loading class jdk/internal/ref/Cleaner done
Event: 0.105 loading class java/lang/ref/ReferenceQueue
Event: 0.105 loading class java/lang/ref/ReferenceQueue done
Event: 0.105 loading class java/lang/ref/ReferenceQueue$Null
Event: 0.105 loading class java/lang/ref/ReferenceQueue$Null done
Event: 0.105 loading class java/lang/ref/ReferenceQueue$Lock
Event: 0.105 loading class java/lang/ref/ReferenceQueue$Lock done
Event: 0.106 Thread 0x00007f2a901e8000 Thread added: 0x00007f2a901e8000
Event: 0.106 loading class java/lang/ref/Reference$1
Event: 0.106 Protecting memory [0x00007f2a85fe7000,0x00007f2a85feb000] with protection modes 0
Event: 0.106 loading class jdk/internal/misc/JavaLangRefAccess
Event: 0.106 loading class jdk/internal/misc/JavaLangRefAccess done
Event: 0.106 loading class java/lang/ref/Reference$1 done
Event: 0.106 loading class jdk/internal/misc/SharedSecrets
Event: 0.106 loading class jdk/internal/misc/SharedSecrets done
Event: 0.106 loading class java/lang/ref/Finalizer$FinalizerThread
Event: 0.106 loading class java/lang/ref/Finalizer$FinalizerThread done
Event: 0.107 Thread 0x00007f2a901eb000 Thread added: 0x00007f2a901eb000
Event: 0.107 Protecting memory [0x00007f2a85ee6000,0x00007f2a85eea000] with protection modes 0
Event: 0.107 loading class jdk/internal/misc/VM
Event: 0.107 loading class java/lang/StringLatin1
Event: 0.107 loading class java/lang/StringLatin1 done


Dynamic libraries:
00010000-00011000 rw-p 00000000 00:00 0 
00011000-00013000 ---p 00000000 00:00 0 
00013000-00014000 rw-p 00000000 00:00 0 
ff000000-ff200000 rw-p 00000000 00:00 0 
ff200000-100000000 ---p 00000000 00:00 0 
100000000-100060000 rw-p 00000000 00:00 0 
100060000-140000000 ---p 00000000 00:00 0 
5619c6d9e000-5619c6d9f000 r--p 00000000 fd:01 7611444                    /home/grads/t/tiendat.ng.cs/github_repos/jdk11u/build/linux-x86_64-normal-server-fastdebug/jdk/bin/java
5619c6d9f000-5619c6da0000 r-xp 00001000 fd:01 7611444                    /home/grads/t/tiendat.ng.cs/github_repos/jdk11u/build/linux-x86_64-normal-server-fastdebug/jdk/bin/java
5619c6da0000-5619c6da1000 r--p 00002000 fd:01 7611444                    /home/grads/t/tiendat.ng.cs/github_repos/jdk11u/build/linux-x86_64-normal-server-fastdebug/jdk/bin/java
5619c6da1000-5619c6da2000 r--p 00002000 fd:01 7611444                    /home/grads/t/tiendat.ng.cs/github_repos/jdk11u/build/linux-x86_64-normal-server-fastdebug/jdk/bin/java
5619c6da2000-5619c6da3000 rw-p 00003000 fd:01 7611444                    /home/grads/t/tiendat.ng.cs/github_repos/jdk11u/build/linux-x86_64-normal-server-fastdebug/jdk/bin/java
5619c835f000-5619c8380000 rw-p 00000000 00:00 0                          [heap]
7f2a74000000-7f2a74021000 rw-p 00000000 00:00 0 
7f2a74021000-7f2a78000000 ---p 00000000 00:00 0 
7f2a78000000-7f2a78021000 rw-p 00000000 00:00 0 
7f2a78021000-7f2a7c000000 ---p 00000000 00:00 0 
7f2a7c000000-7f2a7c021000 rw-p 00000000 00:00 0 
7f2a7c021000-7f2a80000000 ---p 00000000 00:00 0 
7f2a80000000-7f2a80021000 rw-p 00000000 00:00 0 
7f2a80021000-7f2a84000000 ---p 00000000 00:00 0 
7f2a84c76000-7f2a85108000 rw-p 00000000 00:00 0 
7f2a85108000-7f2a85ee6000 r--p 00000000 fd:01 18351472                   /usr/lib/locale/locale-archive
7f2a85ee6000-7f2a85eea000 ---p 00000000 00:00 0 
7f2a85eea000-7f2a85fe7000 rw-p 00000000 00:00 0 
7f2a85fe7000-7f2a85feb000 ---p 00000000 00:00 0 
7f2a85feb000-7f2a860e8000 rw-p 00000000 00:00 0 
7f2a860e8000-7f2a860e9000 ---p 00000000 00:00 0 
7f2a860e9000-7f2a87800000 rw-p 00000000 00:00 0 
7f2a87800000-7f2a87c00000 rw-p 00000000 00:00 0 
7f2a87c00000-7f2a88000000 ---p 00000000 00:00 0 
7f2a88000000-7f2a88021000 rw-p 00000000 00:00 0 
7f2a88021000-7f2a8c000000 ---p 00000000 00:00 0 
7f2a8c000000-7f2a8c021000 rw-p 00000000 00:00 0 
7f2a8c021000-7f2a90000000 ---p 00000000 00:00 0 
7f2a90000000-7f2a90201000 rw-p 00000000 00:00 0 
7f2a90201000-7f2a94000000 ---p 00000000 00:00 0 
7f2a94026000-7f2a94395000 rw-p 00000000 00:00 0 
7f2a94395000-7f2a94396000 ---p 00000000 00:00 0 
7f2a94396000-7f2a94497000 rw-p 00000000 00:00 0 
7f2a94497000-7f2a944d7000 ---p 00000000 00:00 0 
7f2a944d7000-7f2a944df000 rw-p 00000000 00:00 0 
7f2a944df000-7f2a94517000 ---p 00000000 00:00 0 
7f2a94517000-7f2a94518000 ---p 00000000 00:00 0 
7f2a94518000-7f2a94619000 rw-p 00000000 00:00 0 
7f2a94619000-7f2a9461a000 ---p 00000000 00:00 0 
7f2a9461a000-7f2a9475c000 rw-p 00000000 00:00 0 
7f2a9475c000-7f2a94761000 rw-p 00000000 00:00 0 
7f2a94761000-7f2a947bc000 ---p 00000000 00:00 0 
7f2a947bc000-7f2a94a2c000 rwxp 00000000 00:00 0 
7f2a94a2c000-7f2a977bc000 ---p 00000000 00:00 0 
7f2a977bc000-7f2a977f1000 r--s 00000000 fd:01 15478528                   /var/cache/nscd/passwd
7f2a977f1000-7f2a97813000 rw-p 00000000 00:00 0 
7f2a97813000-7f2a97816000 r--p 00000000 fd:01 18355266                   /usr/lib/x86_64-linux-gnu/libnuma.so.1.0.0
7f2a97816000-7f2a9781b000 r-xp 00003000 fd:01 18355266                   /usr/lib/x86_64-linux-gnu/libnuma.so.1.0.0
7f2a9781b000-7f2a9781d000 r--p 00008000 fd:01 18355266                   /usr/lib/x86_64-linux-gnu/libnuma.so.1.0.0
7f2a9781d000-7f2a9781e000 ---p 0000a000 fd:01 18355266                   /usr/lib/x86_64-linux-gnu/libnuma.so.1.0.0
7f2a9781e000-7f2a9781f000 r--p 0000a000 fd:01 18355266                   /usr/lib/x86_64-linux-gnu/libnuma.so.1.0.0
7f2a9781f000-7f2a97820000 rw-p 0000b000 fd:01 18355266                   /usr/lib/x86_64-linux-gnu/libnuma.so.1.0.0
7f2a97824000-7f2a97826000 r--p 00000000 fd:01 5511278                    /home/grads/t/tiendat.ng.cs/github_repos/jdk11u/build/linux-x86_64-normal-server-fastdebug/jdk/lib/libzip.so
7f2a97826000-7f2a9782a000 r-xp 00002000 fd:01 5511278                    /home/grads/t/tiendat.ng.cs/github_repos/jdk11u/build/linux-x86_64-normal-server-fastdebug/jdk/lib/libzip.so
7f2a9782a000-7f2a9782c000 r--p 00006000 fd:01 5511278                    /home/grads/t/tiendat.ng.cs/github_repos/jdk11u/build/linux-x86_64-normal-server-fastdebug/jdk/lib/libzip.so
7f2a9782c000-7f2a9782d000 r--p 00007000 fd:01 5511278                    /home/grads/t/tiendat.ng.cs/github_repos/jdk11u/build/linux-x86_64-normal-server-fastdebug/jdk/lib/libzip.so
7f2a9782d000-7f2a9782e000 rw-p 00008000 fd:01 5511278                    /home/grads/t/tiendat.ng.cs/github_repos/jdk11u/build/linux-x86_64-normal-server-fastdebug/jdk/lib/libzip.so
7f2a9782e000-7f2a97836000 rw-s 00000000 fd:01 22413458                   /tmp/hsperfdata_tiendat.ng.cs/3067414
7f2a97836000-7f2a9783a000 r--p 00000000 fd:01 5511279                    /home/grads/t/tiendat.ng.cs/github_repos/jdk11u/build/linux-x86_64-normal-server-fastdebug/jdk/lib/libjimage.so
7f2a9783a000-7f2a9784e000 r-xp 00004000 fd:01 5511279                    /home/grads/t/tiendat.ng.cs/github_repos/jdk11u/build/linux-x86_64-normal-server-fastdebug/jdk/lib/libjimage.so
7f2a9784e000-7f2a97855000 r--p 00018000 fd:01 5511279                    /home/grads/t/tiendat.ng.cs/github_repos/jdk11u/build/linux-x86_64-normal-server-fastdebug/jdk/lib/libjimage.so
7f2a97855000-7f2a97857000 r--p 0001e000 fd:01 5511279                    /home/grads/t/tiendat.ng.cs/github_repos/jdk11u/build/linux-x86_64-normal-server-fastdebug/jdk/lib/libjimage.so
7f2a97857000-7f2a97858000 rw-p 00020000 fd:01 5511279                    /home/grads/t/tiendat.ng.cs/github_repos/jdk11u/build/linux-x86_64-normal-server-fastdebug/jdk/lib/libjimage.so
7f2a97858000-7f2a97865000 r--p 00000000 fd:01 5511271                    /home/grads/t/tiendat.ng.cs/github_repos/jdk11u/build/linux-x86_64-normal-server-fastdebug/jdk/lib/libjava.so
7f2a97865000-7f2a9787a000 r-xp 0000d000 fd:01 5511271                    /home/grads/t/tiendat.ng.cs/github_repos/jdk11u/build/linux-x86_64-normal-server-fastdebug/jdk/lib/libjava.so
7f2a9787a000-7f2a97881000 r--p 00022000 fd:01 5511271                    /home/grads/t/tiendat.ng.cs/github_repos/jdk11u/build/linux-x86_64-normal-server-fastdebug/jdk/lib/libjava.so
7f2a97881000-7f2a97882000 r--p 00028000 fd:01 5511271                    /home/grads/t/tiendat.ng.cs/github_repos/jdk11u/build/linux-x86_64-normal-server-fastdebug/jdk/lib/libjava.so
7f2a97882000-7f2a97883000 rw-p 00029000 fd:01 5511271                    /home/grads/t/tiendat.ng.cs/github_repos/jdk11u/build/linux-x86_64-normal-server-fastdebug/jdk/lib/libjava.so
7f2a97883000-7f2a97884000 rw-p 00000000 00:00 0 
7f2a97884000-7f2a97887000 r--p 00000000 fd:01 6818861                    /lib/x86_64-linux-gnu/librt-2.31.so
7f2a97887000-7f2a9788b000 r-xp 00003000 fd:01 6818861                    /lib/x86_64-linux-gnu/librt-2.31.so
7f2a9788b000-7f2a9788c000 r--p 00007000 fd:01 6818861                    /lib/x86_64-linux-gnu/librt-2.31.so
7f2a9788c000-7f2a9788d000 ---p 00008000 fd:01 6818861                    /lib/x86_64-linux-gnu/librt-2.31.so
7f2a9788d000-7f2a9788e000 r--p 00008000 fd:01 6818861                    /lib/x86_64-linux-gnu/librt-2.31.so
7f2a9788e000-7f2a9788f000 rw-p 00009000 fd:01 6818861                    /lib/x86_64-linux-gnu/librt-2.31.so
7f2a9788f000-7f2a97893000 ---p 00000000 00:00 0 
7f2a97893000-7f2a97990000 rw-p 00000000 00:00 0 
7f2a97990000-7f2a9799f000 r--p 00000000 fd:01 6818848                    /lib/x86_64-linux-gnu/libm-2.31.so
7f2a9799f000-7f2a97a46000 r-xp 0000f000 fd:01 6818848                    /lib/x86_64-linux-gnu/libm-2.31.so
7f2a97a46000-7f2a97add000 r--p 000b6000 fd:01 6818848                    /lib/x86_64-linux-gnu/libm-2.31.so
7f2a97add000-7f2a97ade000 r--p 0014c000 fd:01 6818848                    /lib/x86_64-linux-gnu/libm-2.31.so
7f2a97ade000-7f2a97adf000 rw-p 0014d000 fd:01 6818848                    /lib/x86_64-linux-gnu/libm-2.31.so
7f2a97adf000-7f2a97de0000 r--p 00000000 fd:01 5510421                    /home/grads/t/tiendat.ng.cs/github_repos/jdk11u/build/linux-x86_64-normal-server-fastdebug/jdk/lib/server/libjvm.so
7f2a97de0000-7f2a9986a000 r-xp 00301000 fd:01 5510421                    /home/grads/t/tiendat.ng.cs/github_repos/jdk11u/build/linux-x86_64-normal-server-fastdebug/jdk/lib/server/libjvm.so
7f2a9986a000-7f2a99c9b000 r--p 01d8b000 fd:01 5510421                    /home/grads/t/tiendat.ng.cs/github_repos/jdk11u/build/linux-x86_64-normal-server-fastdebug/jdk/lib/server/libjvm.so
7f2a99c9b000-7f2a99d8b000 r--p 021bb000 fd:01 5510421                    /home/grads/t/tiendat.ng.cs/github_repos/jdk11u/build/linux-x86_64-normal-server-fastdebug/jdk/lib/server/libjvm.so
7f2a99d8b000-7f2a99dc9000 rw-p 022ab000 fd:01 5510421                    /home/grads/t/tiendat.ng.cs/github_repos/jdk11u/build/linux-x86_64-normal-server-fastdebug/jdk/lib/server/libjvm.so
7f2a99dc9000-7f2a99e7c000 rw-p 00000000 00:00 0 
7f2a99e7c000-7f2a99e83000 r--p 00000000 fd:01 6818859                    /lib/x86_64-linux-gnu/libpthread-2.31.so
7f2a99e83000-7f2a99e94000 r-xp 00007000 fd:01 6818859                    /lib/x86_64-linux-gnu/libpthread-2.31.so
7f2a99e94000-7f2a99e99000 r--p 00018000 fd:01 6818859                    /lib/x86_64-linux-gnu/libpthread-2.31.so
7f2a99e99000-7f2a99e9a000 r--p 0001c000 fd:01 6818859                    /lib/x86_64-linux-gnu/libpthread-2.31.so
7f2a99e9a000-7f2a99e9b000 rw-p 0001d000 fd:01 6818859                    /lib/x86_64-linux-gnu/libpthread-2.31.so
7f2a99e9b000-7f2a99ea1000 rw-p 00000000 00:00 0 
7f2a99ea1000-7f2a99ea2000 r--p 00000000 fd:01 6818847                    /lib/x86_64-linux-gnu/libdl-2.31.so
7f2a99ea2000-7f2a99ea4000 r-xp 00001000 fd:01 6818847                    /lib/x86_64-linux-gnu/libdl-2.31.so
7f2a99ea4000-7f2a99ea5000 r--p 00003000 fd:01 6818847                    /lib/x86_64-linux-gnu/libdl-2.31.so
7f2a99ea5000-7f2a99ea6000 r--p 00003000 fd:01 6818847                    /lib/x86_64-linux-gnu/libdl-2.31.so
7f2a99ea6000-7f2a99ea7000 rw-p 00004000 fd:01 6818847                    /lib/x86_64-linux-gnu/libdl-2.31.so
7f2a99ea7000-7f2a99ea9000 r--p 00000000 fd:01 6815914                    /lib/x86_64-linux-gnu/libz.so.1.2.11
7f2a99ea9000-7f2a99eba000 r-xp 00002000 fd:01 6815914                    /lib/x86_64-linux-gnu/libz.so.1.2.11
7f2a99eba000-7f2a99ec0000 r--p 00013000 fd:01 6815914                    /lib/x86_64-linux-gnu/libz.so.1.2.11
7f2a99ec0000-7f2a99ec1000 ---p 00019000 fd:01 6815914                    /lib/x86_64-linux-gnu/libz.so.1.2.11
7f2a99ec1000-7f2a99ec2000 r--p 00019000 fd:01 6815914                    /lib/x86_64-linux-gnu/libz.so.1.2.11
7f2a99ec2000-7f2a99ec3000 rw-p 0001a000 fd:01 6815914                    /lib/x86_64-linux-gnu/libz.so.1.2.11
7f2a99ec3000-7f2a99ee8000 r--p 00000000 fd:01 6818846                    /lib/x86_64-linux-gnu/libc-2.31.so
7f2a99ee8000-7f2a9a060000 r-xp 00025000 fd:01 6818846                    /lib/x86_64-linux-gnu/libc-2.31.so
7f2a9a060000-7f2a9a0aa000 r--p 0019d000 fd:01 6818846                    /lib/x86_64-linux-gnu/libc-2.31.so
7f2a9a0aa000-7f2a9a0ab000 ---p 001e7000 fd:01 6818846                    /lib/x86_64-linux-gnu/libc-2.31.so
7f2a9a0ab000-7f2a9a0ae000 r--p 001e7000 fd:01 6818846                    /lib/x86_64-linux-gnu/libc-2.31.so
7f2a9a0ae000-7f2a9a0b1000 rw-p 001ea000 fd:01 6818846                    /lib/x86_64-linux-gnu/libc-2.31.so
7f2a9a0b1000-7f2a9a0b5000 rw-p 00000000 00:00 0 
7f2a9a0b6000-7f2a9a0b8000 rw-p 00000000 00:00 0 
7f2a9a0b8000-7f2a9a0bd000 r--p 00000000 fd:01 5511262                    /home/grads/t/tiendat.ng.cs/github_repos/jdk11u/build/linux-x86_64-normal-server-fastdebug/jdk/lib/libverify.so
7f2a9a0bd000-7f2a9a0c5000 r-xp 00005000 fd:01 5511262                    /home/grads/t/tiendat.ng.cs/github_repos/jdk11u/build/linux-x86_64-normal-server-fastdebug/jdk/lib/libverify.so
7f2a9a0c5000-7f2a9a0c7000 r--p 0000d000 fd:01 5511262                    /home/grads/t/tiendat.ng.cs/github_repos/jdk11u/build/linux-x86_64-normal-server-fastdebug/jdk/lib/libverify.so
7f2a9a0c7000-7f2a9a0c8000 ---p 0000f000 fd:01 5511262                    /home/grads/t/tiendat.ng.cs/github_repos/jdk11u/build/linux-x86_64-normal-server-fastdebug/jdk/lib/libverify.so
7f2a9a0c8000-7f2a9a0ca000 r--p 0000f000 fd:01 5511262                    /home/grads/t/tiendat.ng.cs/github_repos/jdk11u/build/linux-x86_64-normal-server-fastdebug/jdk/lib/libverify.so
7f2a9a0ca000-7f2a9a0cb000 rw-p 00011000 fd:01 5511262                    /home/grads/t/tiendat.ng.cs/github_repos/jdk11u/build/linux-x86_64-normal-server-fastdebug/jdk/lib/libverify.so
7f2a9a0cb000-7f2a9a0ce000 r--p 00000000 fd:01 6827787                    /home/grads/t/tiendat.ng.cs/github_repos/jdk11u/build/linux-x86_64-normal-server-fastdebug/jdk/lib/jli/libjli.so
7f2a9a0ce000-7f2a9a0d8000 r-xp 00003000 fd:01 6827787                    /home/grads/t/tiendat.ng.cs/github_repos/jdk11u/build/linux-x86_64-normal-server-fastdebug/jdk/lib/jli/libjli.so
7f2a9a0d8000-7f2a9a0db000 r--p 0000d000 fd:01 6827787                    /home/grads/t/tiendat.ng.cs/github_repos/jdk11u/build/linux-x86_64-normal-server-fastdebug/jdk/lib/jli/libjli.so
7f2a9a0db000-7f2a9a0dc000 ---p 00010000 fd:01 6827787                    /home/grads/t/tiendat.ng.cs/github_repos/jdk11u/build/linux-x86_64-normal-server-fastdebug/jdk/lib/jli/libjli.so
7f2a9a0dc000-7f2a9a0dd000 r--p 00010000 fd:01 6827787                    /home/grads/t/tiendat.ng.cs/github_repos/jdk11u/build/linux-x86_64-normal-server-fastdebug/jdk/lib/jli/libjli.so
7f2a9a0dd000-7f2a9a0de000 rw-p 00011000 fd:01 6827787                    /home/grads/t/tiendat.ng.cs/github_repos/jdk11u/build/linux-x86_64-normal-server-fastdebug/jdk/lib/jli/libjli.so
7f2a9a0de000-7f2a9a0e0000 rw-p 00000000 00:00 0 
7f2a9a0e0000-7f2a9a0e1000 r--p 00000000 fd:01 6818801                    /lib/x86_64-linux-gnu/ld-2.31.so
7f2a9a0e1000-7f2a9a104000 r-xp 00001000 fd:01 6818801                    /lib/x86_64-linux-gnu/ld-2.31.so
7f2a9a104000-7f2a9a10c000 r--p 00024000 fd:01 6818801                    /lib/x86_64-linux-gnu/ld-2.31.so
7f2a9a10c000-7f2a9a10d000 r--p 00000000 00:00 0 
7f2a9a10d000-7f2a9a10e000 r--p 0002c000 fd:01 6818801                    /lib/x86_64-linux-gnu/ld-2.31.so
7f2a9a10e000-7f2a9a10f000 rw-p 0002d000 fd:01 6818801                    /lib/x86_64-linux-gnu/ld-2.31.so
7f2a9a10f000-7f2a9a110000 rw-p 00000000 00:00 0 
7fff5c8b8000-7fff5c8d9000 rw-p 00000000 00:00 0                          [stack]
7fff5c9c7000-7fff5c9ca000 r--p 00000000 00:00 0                          [vvar]
7fff5c9ca000-7fff5c9cb000 r-xp 00000000 00:00 0                          [vdso]
ffffffffff600000-ffffffffff601000 --xp 00000000 00:00 0                  [vsyscall]


VM Arguments:
jvm_args: -XX:+UnlockExperimentalVMOptions -XX:+UseShenandoahGC -XX:ShenandoahHotnessThreshold=1000 -Xlog:gc*,gc+ref*,gc+ergo*,gc+heap*,gc+stats*,gc+compaction*,gc+age*:file=gc.log -Xint -Xms2m -Xmx16m --add-modules=ALL-DEFAULT 
java_command: jdk.compiler/com.sun.tools.javac.launcher.Main gc_test.java
java_class_path (initial): .
Launcher Type: SUN_STANDARD

[Global flags]
   size_t InitialHeapSize                          = 2097152                                   {product} {command line}  Initial heap size (in bytes); zero means use ergonomics
   size_t MaxHeapSize                              = 16777216                                  {product} {command line}  Maximum heap size (in bytes)
   size_t MinHeapDeltaBytes                        = 262144                                    {product} {ergonomic}     The minimum change in heap space due to GC (in bytes)
    uintx NonProfiledCodeHeapSize                  = 0                                      {pd product} {ergonomic}     Size of code heap with non-profiled methods (in bytes)
     bool ProfileInterpreter                       = false                                  {pd product} {command line}  Profile at the bytecode level during interpretation
    uintx ProfiledCodeHeapSize                     = 0                                      {pd product} {ergonomic}     Size of code heap with profiled methods (in bytes)
    uintx ShenandoahHotnessThreshold               = 1000                                 {experimental} {command line}  How many times an object should be accessed to be classified as            hot.
     bool TieredCompilation                        = false                                  {pd product} {command line}  Enable tiered compilation
     bool UnlockExperimentalVMOptions              = true                                 {experimental} {command line}  Enable normal processing of flags relating to experimental features
     bool UseCompressedClassPointers               = true                                 {lp64_product} {ergonomic}     Use 32-bit class pointers in 64-bit VM. lp64_product means flag is always constant in 32 bit VM
     bool UseCompressedOops                        = true                                 {lp64_product} {ergonomic}     Use 32-bit object references in 64-bit VM. lp64_product means flag is always constant in 32 bit VM
     bool UseFastUnorderedTimeStamps               = true                                 {experimental} {ergonomic}     Use platform unstable time where supported for timestamps only
     bool UseNUMAInterleaving                      = true                                      {product} {ergonomic}     Interleave memory across NUMA nodes if available
     bool UseShenandoahGC                          = true                                      {product} {command line}  Use the Shenandoah garbage collector

Logging:
Log output configuration:
 #0: stdout all=warning uptime,level,tags
 #1: stderr all=off uptime,level,tags
 #2: file=gc.log all=off,gc*=info uptime,level,tags filecount=5,filesize=20480K (reconfigured)

Environment Variables:
PATH=/home/grads/t/tiendat.ng.cs/.local/bin:/home/grads/t/tiendat.ng.cs/github_repos/hadoop-3.3.1/bin:/home/grads/t/tiendat.ng.cs/github_repos/jdk11u/build/linux-x86_64-normal-server-fastdebug/jdk/bin:/opt/coe/bin:/usr/local/sbin:/usr/local/bin:/usr/sbin:/usr/bin:/sbin:/bin:/usr/games:/usr/local/games:/snap/bin:/home/grads/t/tiendat.ng.cs/bin
LD_LIBRARY_PATH=/home/grads/t/tiendat.ng.cs/github_repos/hadoop-3.3.1/lib/native::/home/grads/t/tiendat.ng.cs/github_repos/tcmalloc/bazel-bin/tcmalloc
SHELL=/bin/bash
LANG=en_US.UTF-8

Signal Handlers:
SIGSEGV: [libjvm.so+0x1c70450], sa_mask[0]=11111111011111111101111111111110, sa_flags=SA_RESTART|SA_SIGINFO
SIGBUS: [libjvm.so+0x1c70450], sa_mask[0]=11111111011111111101111111111110, sa_flags=SA_RESTART|SA_SIGINFO
SIGFPE: [libjvm.so+0x1c70450], sa_mask[0]=11111111011111111101111111111110, sa_flags=SA_RESTART|SA_SIGINFO
SIGPIPE: [libjvm.so+0x17422b0], sa_mask[0]=11111111011111111101111111111110, sa_flags=SA_RESTART|SA_SIGINFO
SIGXFSZ: [libjvm.so+0x17422b0], sa_mask[0]=11111111011111111101111111111110, sa_flags=SA_RESTART|SA_SIGINFO
SIGILL: [libjvm.so+0x1c70450], sa_mask[0]=11111111011111111101111111111110, sa_flags=SA_RESTART|SA_SIGINFO
SIGUSR2: [libjvm.so+0x1742070], sa_mask[0]=00000000000000000000000000000000, sa_flags=SA_RESTART|SA_SIGINFO
SIGHUP: SIG_DFL, sa_mask[0]=00000000000000000000000000000000, sa_flags=none
SIGINT: SIG_DFL, sa_mask[0]=00000000000000000000000000000000, sa_flags=none
SIGTERM: SIG_DFL, sa_mask[0]=00000000000000000000000000000000, sa_flags=none
SIGQUIT: SIG_DFL, sa_mask[0]=00000000000000000000000000000000, sa_flags=none


---------------  S Y S T E M  ---------------

OS:DISTRIB_ID=Ubuntu
DISTRIB_RELEASE=20.04
DISTRIB_CODENAME=focal
DISTRIB_DESCRIPTION="Ubuntu 20.04.3 LTS"
uname:Linux csce-nguyen-s1.engr.tamu.edu 5.4.0-89-generic #100-Ubuntu SMP Fri Sep 24 14:50:10 UTC 2021 x86_64
OS uptime: 36 days 4:01 hours
libc:glibc 2.31 NPTL 2.31 
rlimit (soft/hard): STACK 8192k/infinity , CORE 0k/infinity , NPROC 767302/767302 , NOFILE 1048576/1048576 , AS infinity/infinity , CPU infinity/infinity , DATA infinity/infinity , FSIZE infinity/infinity , MEMLOCK 65536k/65536k
load average:7.36 12.78 9.83

/proc/meminfo:
MemTotal:       196527308 kB
MemFree:        19335996 kB
MemAvailable:   191867872 kB
Buffers:         1920000 kB
Cached:         168886068 kB
SwapCached:          260 kB
Active:         132991896 kB
Inactive:       39300856 kB
Active(anon):    1257828 kB
Inactive(anon):   234388 kB
Active(file):   131734068 kB
Inactive(file): 39066468 kB
Unevictable:           0 kB
Mlocked:               0 kB
SwapTotal:      32767996 kB
SwapFree:       32750588 kB
Dirty:               376 kB
Writeback:             0 kB
AnonPages:       1486664 kB
Mapped:           574908 kB
Shmem:              5516 kB
KReclaimable:    3177928 kB
Slab:            4139228 kB
SReclaimable:    3177928 kB
SUnreclaim:       961300 kB
KernelStack:       17520 kB
PageTables:        14692 kB
NFS_Unstable:          0 kB
Bounce:                0 kB
WritebackTmp:          0 kB
CommitLimit:    131031648 kB
Committed_AS:    5905388 kB
VmallocTotal:   34359738367 kB
VmallocUsed:      264260 kB
VmallocChunk:          0 kB
Percpu:            73536 kB
HardwareCorrupted:     0 kB
AnonHugePages:         0 kB
ShmemHugePages:        0 kB
ShmemPmdMapped:        0 kB
FileHugePages:         0 kB
FilePmdMapped:         0 kB
CmaTotal:              0 kB
CmaFree:               0 kB
HugePages_Total:       0
HugePages_Free:        0
HugePages_Rsvd:        0
HugePages_Surp:        0
Hugepagesize:       2048 kB
Hugetlb:               0 kB
DirectMap4k:     1418208 kB
DirectMap2M:    60975104 kB
DirectMap1G:    139460608 kB

/sys/kernel/mm/transparent_hugepage/enabled:
always [madvise] never
/sys/kernel/mm/transparent_hugepage/defrag (defrag/compaction efforts parameter):
always defer defer+madvise [madvise] never

Process Memory:
Virtual Size: 1676024K (peak: 1676024K)
Resident Set Size: 66772K (peak: 66772K) (anon: 44008K, file: 22764K, shmem: 0K)
Swapped out: 0K
C-Heap outstanding allocations: 2207K

/proc/sys/kernel/threads-max (system-wide limit on the number of threads):
1534605
/proc/sys/vm/max_map_count (maximum number of memory map areas a process may have):
65530
/proc/sys/kernel/pid_max (system-wide limit on number of process identifiers):
4194304

container (cgroup) information:
container_type: cgroupv1
cpu_cpuset_cpus: 0-47
cpu_memory_nodes: 0-1
active_processor_count: 48
cpu_quota: -1
cpu_period: 100000
cpu_shares: -1
memory_limit_in_bytes: -1
memory_and_swap_limit_in_bytes: -2
memory_soft_limit_in_bytes: -1
memory_usage_in_bytes: 7417442304
memory_max_usage_in_bytes: 26191306752

Steal ticks since vm start: 0
Steal ticks percentage since vm start:  0.000

CPU:total 48 (initial active 48) (12 cores per cpu, 2 threads per core) family 6 model 85 stepping 7 microcode 0x5003102, cmov, cx8, fxsr, mmx, sse, sse2, sse3, ssse3, sse4.1, sse4.2, popcnt, avx, avx2, aes, clmul, erms, 3dnowpref, lzcnt, ht, tsc, tscinvbit, bmi1, bmi2, adx, evex, fma
CPU Model and flags from /proc/cpuinfo:
model name	: Intel(R) Xeon(R) Silver 4214R CPU @ 2.40GHz
flags		: fpu vme de pse tsc msr pae mce cx8 apic sep mtrr pge mca cmov pat pse36 clflush dts acpi mmx fxsr sse sse2 ss ht tm pbe syscall nx pdpe1gb rdtscp lm constant_tsc art arch_perfmon pebs bts rep_good nopl xtopology nonstop_tsc cpuid aperfmperf pni pclmulqdq dtes64 monitor ds_cpl vmx smx est tm2 ssse3 sdbg fma cx16 xtpr pdcm pcid dca sse4_1 sse4_2 x2apic movbe popcnt tsc_deadline_timer aes xsave avx f16c rdrand lahf_lm abm 3dnowprefetch cpuid_fault epb cat_l3 cdp_l3 invpcid_single intel_ppin ssbd mba ibrs ibpb stibp ibrs_enhanced tpr_shadow vnmi flexpriority ept vpid ept_ad fsgsbase tsc_adjust bmi1 avx2 smep bmi2 erms invpcid cqm mpx rdt_a avx512f avx512dq rdseed adx smap clflushopt clwb intel_pt avx512cd avx512bw avx512vl xsaveopt xsavec xgetbv1 xsaves cqm_llc cqm_occup_llc cqm_mbm_total cqm_mbm_local dtherm ida arat pln pts pku ospke avx512_vnni md_clear flush_l1d arch_capabilities
Online cpus:
0-47
Offline cpus:

cache level:
1
cache type:
Data
cache size:
32K
cache coherency line size:
64
cache level:
1
cache type:
Instruction
cache size:
32K
cache coherency line size:
64
cache level:
2
cache type:
Unified
cache size:
1024K
cache coherency line size:
64
cache level:
3
cache type:
Unified
cache size:
16896K
cache coherency line size:
64
BIOS frequency limitation:
<Not Available>
Frequency switch latency (ns):
0
Available cpu frequencies:
<Not Available>
Maximum cpu frequency:
3500000
Minimum cpu frequency:
1000000
Current cpu frequency:
1000108
Available governors:
performance powersave
Current governor:
powersave
Core performance/turbo boost:
<Not Available>

Memory: 4k page, physical 196527308k(19335996k free), swap 32767996k(32750588k free)

vm_info: OpenJDK 64-Bit Server VM (fastdebug 11.0.13-internal+0-adhoc.tiendatngcs.jdk11u) for linux-amd64 JRE (11.0.13-internal+0-adhoc.tiendatngcs.jdk11u), built on Nov 30 2021 17:28:40 by "tiendatngcs" with gcc 11.1.0

END.
